


ARM Macro Assembler    Page 1 


    1 00000000         #line   1                ".\\XMC_LIB\\XMC\\XMC_LIB_2_7_1
\\XMC4400_series\\Source\\ARM\\startup_XMC4402.s"
    1 00000000         ;*******************************************************
                       ************************
    2 00000000         ;* @file     startup_XMC4402.s
    3 00000000         ;* @brief    CMSIS Core Device Startup File for
    4 00000000         ;*           Infineon XMC4402 Device Series
    5 00000000         ;* @version  V1.5
    6 00000000         ;* @date     June 2016
    7 00000000         ;*
    8 00000000         ;* @cond
    9 00000000         ;*******************************************************
                       ********************************************************
                       ******
   10 00000000         ;* Copyright (c) 2012-2016, Infineon Technologies AG
   11 00000000         ;* All rights reserved.                        
   12 00000000         ;*                                             
   13 00000000         ;* Redistribution and use in source and binary forms, wi
                       th or without modification,are permitted provided that t
                       he 
   14 00000000         ;* following conditions are met:   
   15 00000000         ;*                                                      
                                               
   16 00000000         ;* Redistributions of source code must retain the above 
                       copyright notice, this list of conditions and the follow
                       ing 
   17 00000000         ;* disclaimer.                        
   18 00000000         ;* 
   19 00000000         ;* Redistributions in binary form must reproduce the abo
                       ve copyright notice, this list of conditions and the fol
                       lowing 
   20 00000000         ;* disclaimer in the documentation and/or other material
                       s provided with the distribution.                       
                       
   21 00000000         ;* 
   22 00000000         ;* Neither the name of the copyright holders nor the nam
                       es of its contributors may be used to endorse or promote
                        
   23 00000000         ;* products derived from this software without specific 
                       prior written permission.                               
                                   
   24 00000000         ;*                                                      
                                               
   25 00000000         ;* THIS SOFTWARE IS PROVIDED BY THE COPYRIGHT HOLDERS AN
                       D CONTRIBUTORS "AS IS" AND ANY EXPRESS OR IMPLIED WARRAN
                       TIES, 
   26 00000000         ;* INCLUDING, BUT NOT LIMITED TO, THE IMPLIED WARRANTIES
                        OF MERCHANTABILITY AND FITNESS FOR A PARTICULAR PURPOSE
                        ARE  
   27 00000000         ;* DISCLAIMED. IN NO EVENT SHALL THE COPYRIGHT HOLDER OR
                        CONTRIBUTORS BE LIABLE  FOR ANY DIRECT, INDIRECT, INCID
                       ENTAL, 
   28 00000000         ;* SPECIAL, EXEMPLARY, OR CONSEQUENTIAL DAMAGES (INCLUDI
                       NG, BUT NOT LIMITED TO, PROCUREMENT OF SUBSTITUTE GOODS 
                       OR  
   29 00000000         ;* SERVICES; LOSS OF USE, DATA, OR PROFITS; OR BUSINESS 
                       INTERRUPTION) HOWEVER CAUSED AND ON ANY THEORY OF LIABIL
                       ITY, 
   30 00000000         ;* WHETHER IN CONTRACT, STRICT LIABILITY,OR TORT (INCLUD



ARM Macro Assembler    Page 2 


                       ING NEGLIGENCE OR OTHERWISE) ARISING IN ANY WAY OUT OF T
                       HE USE 
   31 00000000         ;* OF THIS SOFTWARE, EVEN IF ADVISED OF THE POSSIBILITY 
                       OF SUCH DAMAGE.                                         
                                
   32 00000000         ;*                                                      
                                               
   33 00000000         ;* To improve the quality of the software, users are enc
                       ouraged to share modifications, enhancements or bug fixe
                       s with 
   34 00000000         ;* Infineon Technologies AG dave@infineon.com).         
                                                                        
   35 00000000         ;*******************************************************
                       ********************************************************
                       ******
   36 00000000         ;*
   37 00000000         ;************************** Version History ************
                       ************************
   38 00000000         ; V0.2, August 2012, First version
   39 00000000         ; V1.0, February 2013, FIX for CPU prefetch bug implemen
                       ted
   40 00000000         ; V1.1, August 2013, Fix the bug of stack pointer alignm
                       ent to a 8 byte boundary
   41 00000000         ; V1.2, November 2014, Disable CPU workaround. Increased
                        stack size.
   42 00000000         ;                       Removed DAVE3 dependency
   43 00000000         ; V1.3, November 2015, Remove peripherals not included i
                       n device.
   44 00000000         ; V1.4, March    2016, Fix weak definition of Veneers.
   45 00000000         ;                       Only relevant for AA, which need
                       s ENABLE_PMU_CM_001_WORKAROUND 
   46 00000000         ; V1.5, June     2016, Rename ENABLE_CPU_CM_001_WORKAROU
                       ND to ENABLE_PMU_CM_001_WORKAROUND
   47 00000000         ;                      Action required: If using AA step
                       , use ENABLE_PMU_CM_001_WORKAROUND instead of ENABLE_CPU
                       _CM_001_WORKAROUND
   48 00000000         ;*******************************************************
                       ************************
   49 00000000         
   50 00000000         ; ------------------ <<< Use Configuration Wizard in Con
                       text Menu >>> ------------------
   51 00000000         
   52 00000000         ; <h> Stack Configuration
   53 00000000         ;   <o> Stack Size (in Bytes) <0x0-0xFFFFFFFF:8>
   54 00000000         ; </h>
   55 00000000         
   56 00000000 00000800 
                       Stack_Size
                               EQU              0x00000800
   57 00000000         
   58 00000000                 AREA             STACK, NOINIT, READWRITE, ALIGN
=3
   59 00000000         Stack_Mem
                               SPACE            Stack_Size
   60 00000800         __initial_sp
   61 00000800         
   62 00000800         
   63 00000800         ; <h> Heap Configuration
   64 00000800         ;   <o>  Heap Size (in Bytes) <0x0-0xFFFFFFFF:8>



ARM Macro Assembler    Page 3 


   65 00000800         ; </h>
   66 00000800         
   67 00000800 00000200 
                       Heap_Size
                               EQU              0x00000200
   68 00000800         
   69 00000800                 AREA             HEAP, NOINIT, READWRITE, ALIGN=
3
   70 00000000         __heap_base
   71 00000000         Heap_Mem
                               SPACE            Heap_Size
   72 00000200         __heap_limit
   73 00000200         
   74 00000200                 PRESERVE8
   75 00000200                 THUMB
   76 00000200         
   77 00000200                 IF               :DEF:ENABLE_PMU_CM_001_WORKAROU
ND
   83 00000200                 MACRO
   84 00000200                 Entry            $Handler
   85 00000200                 DCD              $Handler
   86 00000200                 MEND
   87 00000200                 ENDIF
   88 00000200         
   89 00000200         ; Vector Table Mapped to Address 0 at Reset
   90 00000200         
   91 00000200                 AREA             RESET, DATA, READONLY
   92 00000000                 EXPORT           __Vectors
   93 00000000                 EXPORT           __Vectors_End
   94 00000000                 EXPORT           __Vectors_Size
   95 00000000         
   96 00000000 00000000 
                       __Vectors
                               DCD              __initial_sp ; 0 Top of Stack
   97 00000004 00000000        DCD              Reset_Handler ; 1 Reset Handler
                                                            
   98 00000008                 Entry            NMI_Handler ; 2 NMI Handler
   85 00000008 00000000        DCD              NMI_Handler
   99 0000000C                 Entry            HardFault_Handler ; 3 Hard Faul
                                                            t Handler
   85 0000000C 00000000        DCD              HardFault_Handler
  100 00000010                 Entry            MemManage_Handler ; 4 MPU Fault
                                                             Handler
   85 00000010 00000000        DCD              MemManage_Handler
  101 00000014                 Entry            BusFault_Handler ; 5 Bus Fault 
                                                            Handler
   85 00000014 00000000        DCD              BusFault_Handler
  102 00000018                 Entry            UsageFault_Handler ; 6 Usage Fa
                                                            ult Handler
   85 00000018 00000000        DCD              UsageFault_Handler
  103 0000001C 00000000        DCD              0           ; 7 Reserved
  104 00000020 00000000        DCD              0           ; 8 Reserved
  105 00000024 00000000        DCD              0           ; 9 Reserved
  106 00000028 00000000        DCD              0           ; 10 Reserved
  107 0000002C                 Entry            SVC_Handler ; 11 SVCall Handler
                                                            
   85 0000002C 00000000        DCD              SVC_Handler
  108 00000030                 Entry            DebugMon_Handler ; 12 Debug Mon
                                                            itor Handler



ARM Macro Assembler    Page 4 


   85 00000030 00000000        DCD              DebugMon_Handler
  109 00000034 00000000        DCD              0           ; 13 Reserved
  110 00000038                 Entry            PendSV_Handler 
                                                            ; 14 PendSV Handler
                                                            
   85 00000038 00000000        DCD              PendSV_Handler
  111 0000003C                 Entry            SysTick_Handler ; 15 SysTick Ha
                                                            ndler
   85 0000003C 00000000        DCD              SysTick_Handler
  112 00000040         
  113 00000040         ; Interrupt Handlers for Service Requests (SR) from XMC4
                       400 Peripherals */
  114 00000040                 Entry            SCU_0_IRQHandler ; Handler name
                                                             for SR SCU_0     
   85 00000040 00000000        DCD              SCU_0_IRQHandler
  115 00000044                 Entry            ERU0_0_IRQHandler ; Handler nam
                                                            e for SR ERU0_0    
                                                            
   85 00000044 00000000        DCD              ERU0_0_IRQHandler
  116 00000048                 Entry            ERU0_1_IRQHandler ; Handler nam
                                                            e for SR ERU0_1    
                                                            
   85 00000048 00000000        DCD              ERU0_1_IRQHandler
  117 0000004C                 Entry            ERU0_2_IRQHandler ; Handler nam
                                                            e for SR ERU0_2    
                                                            
   85 0000004C 00000000        DCD              ERU0_2_IRQHandler
  118 00000050                 Entry            ERU0_3_IRQHandler ; Handler nam
                                                            e for SR ERU0_3    
                                                             
   85 00000050 00000000        DCD              ERU0_3_IRQHandler
  119 00000054                 Entry            ERU1_0_IRQHandler ; Handler nam
                                                            e for SR ERU1_0    
                                                            
   85 00000054 00000000        DCD              ERU1_0_IRQHandler
  120 00000058                 Entry            ERU1_1_IRQHandler ; Handler nam
                                                            e for SR ERU1_1    
                                                            
   85 00000058 00000000        DCD              ERU1_1_IRQHandler
  121 0000005C                 Entry            ERU1_2_IRQHandler ; Handler nam
                                                            e for SR ERU1_2    
                                                            
   85 0000005C 00000000        DCD              ERU1_2_IRQHandler
  122 00000060                 Entry            ERU1_3_IRQHandler ; Handler nam
                                                            e for SR ERU1_3    
                                                            
   85 00000060 00000000        DCD              ERU1_3_IRQHandler
  123 00000064 00000000        DCD              0           ; Not Available    
                                                                         
  124 00000068 00000000        DCD              0           ; Not Available    
                                                                         
  125 0000006C 00000000        DCD              0           ; Not Available    
                                                                         
  126 00000070                 Entry            PMU0_0_IRQHandler ; Handler nam
                                                            e for SR PMU0_0    
                                                            
   85 00000070 00000000        DCD              PMU0_0_IRQHandler
  127 00000074 00000000        DCD              0           ; Not Available    
                                                                         



ARM Macro Assembler    Page 5 


  128 00000078                 Entry            VADC0_C0_0_IRQHandler ; Handler
                                                             name for SR VADC0_
                                                            C0_0  
   85 00000078 00000000        DCD              VADC0_C0_0_IRQHandler
  129 0000007C                 Entry            VADC0_C0_1_IRQHandler ; Handler
                                                             name for SR VADC0_
                                                            C0_1  
   85 0000007C 00000000        DCD              VADC0_C0_1_IRQHandler
  130 00000080                 Entry            VADC0_C0_2_IRQHandler ; Handler
                                                             name for SR VADC0_
                                                            C0_1  
   85 00000080 00000000        DCD              VADC0_C0_2_IRQHandler
  131 00000084                 Entry            VADC0_C0_3_IRQHandler ; Handler
                                                             name for SR VADC0_
                                                            C0_3  
   85 00000084 00000000        DCD              VADC0_C0_3_IRQHandler
  132 00000088                 Entry            VADC0_G0_0_IRQHandler ; Handler
                                                             name for SR VADC0_
                                                            G0_0  
   85 00000088 00000000        DCD              VADC0_G0_0_IRQHandler
  133 0000008C                 Entry            VADC0_G0_1_IRQHandler ; Handler
                                                             name for SR VADC0_
                                                            G0_1  
   85 0000008C 00000000        DCD              VADC0_G0_1_IRQHandler
  134 00000090                 Entry            VADC0_G0_2_IRQHandler ; Handler
                                                             name for SR VADC0_
                                                            G0_2  
   85 00000090 00000000        DCD              VADC0_G0_2_IRQHandler
  135 00000094                 Entry            VADC0_G0_3_IRQHandler ; Handler
                                                             name for SR VADC0_
                                                            G0_3  
   85 00000094 00000000        DCD              VADC0_G0_3_IRQHandler
  136 00000098                 Entry            VADC0_G1_0_IRQHandler ; Handler
                                                             name for SR VADC0_
                                                            G1_0  
   85 00000098 00000000        DCD              VADC0_G1_0_IRQHandler
  137 0000009C                 Entry            VADC0_G1_1_IRQHandler ; Handler
                                                             name for SR VADC0_
                                                            G1_1  
   85 0000009C 00000000        DCD              VADC0_G1_1_IRQHandler
  138 000000A0                 Entry            VADC0_G1_2_IRQHandler ; Handler
                                                             name for SR VADC0_
                                                            G1_2  
   85 000000A0 00000000        DCD              VADC0_G1_2_IRQHandler
  139 000000A4                 Entry            VADC0_G1_3_IRQHandler ; Handler
                                                             name for SR VADC0_
                                                            G1_3  
   85 000000A4 00000000        DCD              VADC0_G1_3_IRQHandler
  140 000000A8                 Entry            VADC0_G2_0_IRQHandler ; Handler
                                                             name for SR VADC0_
                                                            G2_0  
   85 000000A8 00000000        DCD              VADC0_G2_0_IRQHandler
  141 000000AC                 Entry            VADC0_G2_1_IRQHandler ; Handler
                                                             name for SR VADC0_
                                                            G2_1  
   85 000000AC 00000000        DCD              VADC0_G2_1_IRQHandler
  142 000000B0                 Entry            VADC0_G2_2_IRQHandler ; Handler
                                                             name for SR VADC0_
                                                            G2_2  



ARM Macro Assembler    Page 6 


   85 000000B0 00000000        DCD              VADC0_G2_2_IRQHandler
  143 000000B4                 Entry            VADC0_G2_3_IRQHandler ; Handler
                                                             name for SR VADC0_
                                                            G2_3  
   85 000000B4 00000000        DCD              VADC0_G2_3_IRQHandler
  144 000000B8                 Entry            VADC0_G3_0_IRQHandler ; Handler
                                                             name for SR VADC0_
                                                            G3_0  
   85 000000B8 00000000        DCD              VADC0_G3_0_IRQHandler
  145 000000BC                 Entry            VADC0_G3_1_IRQHandler ; Handler
                                                             name for SR VADC0_
                                                            G3_1  
   85 000000BC 00000000        DCD              VADC0_G3_1_IRQHandler
  146 000000C0                 Entry            VADC0_G3_2_IRQHandler ; Handler
                                                             name for SR VADC0_
                                                            G3_2  
   85 000000C0 00000000        DCD              VADC0_G3_2_IRQHandler
  147 000000C4                 Entry            VADC0_G3_3_IRQHandler ; Handler
                                                             name for SR VADC0_
                                                            G3_3  
   85 000000C4 00000000        DCD              VADC0_G3_3_IRQHandler
  148 000000C8                 Entry            DSD0_0_IRQHandler ; Handler nam
                                                            e for SR DSD_SRM_0 
                                                            
   85 000000C8 00000000        DCD              DSD0_0_IRQHandler
  149 000000CC                 Entry            DSD0_1_IRQHandler ; Handler nam
                                                            e for SR DSD_SRM_1 
                                                            
   85 000000CC 00000000        DCD              DSD0_1_IRQHandler
  150 000000D0                 Entry            DSD0_2_IRQHandler ; Handler nam
                                                            e for SR DSD_SRM_2 
                                                            
   85 000000D0 00000000        DCD              DSD0_2_IRQHandler
  151 000000D4                 Entry            DSD0_3_IRQHandler ; Handler nam
                                                            e for SR DSD_SRM_3 
                                                            
   85 000000D4 00000000        DCD              DSD0_3_IRQHandler
  152 000000D8                 Entry            DSD0_4_IRQHandler ; Handler nam
                                                            e for SR DSD_SRA_0 
                                                            
   85 000000D8 00000000        DCD              DSD0_4_IRQHandler
  153 000000DC                 Entry            DSD0_5_IRQHandler ; Handler nam
                                                            e for SR DSD_SRA_1 
                                                            
   85 000000DC 00000000        DCD              DSD0_5_IRQHandler
  154 000000E0                 Entry            DSD0_6_IRQHandler ; Handler nam
                                                            e for SR DSD_SRA_2 
                                                            
   85 000000E0 00000000        DCD              DSD0_6_IRQHandler
  155 000000E4                 Entry            DSD0_7_IRQHandler ; Handler nam
                                                            e for SR DSD_SRA_3 
                                                            
   85 000000E4 00000000        DCD              DSD0_7_IRQHandler
  156 000000E8                 Entry            DAC0_0_IRQHandler ; Handler nam
                                                            e for SR DAC0_0    
                                                            
   85 000000E8 00000000        DCD              DAC0_0_IRQHandler
  157 000000EC                 Entry            DAC0_1_IRQHandler ; Handler nam
                                                            e for SR DAC0_1    



ARM Macro Assembler    Page 7 


                                                            
   85 000000EC 00000000        DCD              DAC0_1_IRQHandler
  158 000000F0                 Entry            CCU40_0_IRQHandler ; Handler na
                                                            me for SR CCU40_0  
                                                             
   85 000000F0 00000000        DCD              CCU40_0_IRQHandler
  159 000000F4                 Entry            CCU40_1_IRQHandler ; Handler na
                                                            me for SR CCU40_1  
                                                             
   85 000000F4 00000000        DCD              CCU40_1_IRQHandler
  160 000000F8                 Entry            CCU40_2_IRQHandler ; Handler na
                                                            me for SR CCU40_2  
                                                             
   85 000000F8 00000000        DCD              CCU40_2_IRQHandler
  161 000000FC                 Entry            CCU40_3_IRQHandler ; Handler na
                                                            me for SR CCU40_3  
                                                             
   85 000000FC 00000000        DCD              CCU40_3_IRQHandler
  162 00000100                 Entry            CCU41_0_IRQHandler ; Handler na
                                                            me for SR CCU41_0  
                                                             
   85 00000100 00000000        DCD              CCU41_0_IRQHandler
  163 00000104                 Entry            CCU41_1_IRQHandler ; Handler na
                                                            me for SR CCU41_1  
                                                             
   85 00000104 00000000        DCD              CCU41_1_IRQHandler
  164 00000108                 Entry            CCU41_2_IRQHandler ; Handler na
                                                            me for SR CCU41_2  
                                                             
   85 00000108 00000000        DCD              CCU41_2_IRQHandler
  165 0000010C                 Entry            CCU41_3_IRQHandler ; Handler na
                                                            me for SR CCU41_3  
                                                             
   85 0000010C 00000000        DCD              CCU41_3_IRQHandler
  166 00000110                 Entry            CCU42_0_IRQHandler ; Handler na
                                                            me for SR CCU42_0  
                                                             
   85 00000110 00000000        DCD              CCU42_0_IRQHandler
  167 00000114                 Entry            CCU42_1_IRQHandler ; Handler na
                                                            me for SR CCU42_1  
                                                             
   85 00000114 00000000        DCD              CCU42_1_IRQHandler
  168 00000118                 Entry            CCU42_2_IRQHandler ; Handler na
                                                            me for SR CCU42_2  
                                                             
   85 00000118 00000000        DCD              CCU42_2_IRQHandler
  169 0000011C                 Entry            CCU42_3_IRQHandler ; Handler na
                                                            me for SR CCU42_3  
                                                             
   85 0000011C 00000000        DCD              CCU42_3_IRQHandler
  170 00000120                 Entry            CCU43_0_IRQHandler ; Handler na
                                                            me for SR CCU43_0  
                                                             
   85 00000120 00000000        DCD              CCU43_0_IRQHandler
  171 00000124                 Entry            CCU43_1_IRQHandler ; Handler na
                                                            me for SR CCU43_1  
                                                             
   85 00000124 00000000        DCD              CCU43_1_IRQHandler
  172 00000128                 Entry            CCU43_2_IRQHandler ; Handler na



ARM Macro Assembler    Page 8 


                                                            me for SR CCU43_2  
                                                             
   85 00000128 00000000        DCD              CCU43_2_IRQHandler
  173 0000012C                 Entry            CCU43_3_IRQHandler ; Handler na
                                                            me for SR CCU43_3  
                                                             
   85 0000012C 00000000        DCD              CCU43_3_IRQHandler
  174 00000130                 Entry            CCU80_0_IRQHandler ; Handler na
                                                            me for SR CCU80_0  
                                                             
   85 00000130 00000000        DCD              CCU80_0_IRQHandler
  175 00000134                 Entry            CCU80_1_IRQHandler ; Handler na
                                                            me for SR CCU80_1  
                                                             
   85 00000134 00000000        DCD              CCU80_1_IRQHandler
  176 00000138                 Entry            CCU80_2_IRQHandler ; Handler na
                                                            me for SR CCU80_2  
                                                             
   85 00000138 00000000        DCD              CCU80_2_IRQHandler
  177 0000013C                 Entry            CCU80_3_IRQHandler ; Handler na
                                                            me for SR CCU80_3  
                                                             
   85 0000013C 00000000        DCD              CCU80_3_IRQHandler
  178 00000140                 Entry            CCU81_0_IRQHandler ; Handler na
                                                            me for SR CCU81_0  
                                                             
   85 00000140 00000000        DCD              CCU81_0_IRQHandler
  179 00000144                 Entry            CCU81_1_IRQHandler ; Handler na
                                                            me for SR CCU81_1  
                                                             
   85 00000144 00000000        DCD              CCU81_1_IRQHandler
  180 00000148                 Entry            CCU81_2_IRQHandler ; Handler na
                                                            me for SR CCU81_2  
                                                             
   85 00000148 00000000        DCD              CCU81_2_IRQHandler
  181 0000014C                 Entry            CCU81_3_IRQHandler ; Handler na
                                                            me for SR CCU81_3  
                                                             
   85 0000014C 00000000        DCD              CCU81_3_IRQHandler
  182 00000150                 Entry            POSIF0_0_IRQHandler ; Handler n
                                                            ame for SR POSIF0_0
                                                              
   85 00000150 00000000        DCD              POSIF0_0_IRQHandler
  183 00000154                 Entry            POSIF0_1_IRQHandler ; Handler n
                                                            ame for SR POSIF0_1
                                                              
   85 00000154 00000000        DCD              POSIF0_1_IRQHandler
  184 00000158                 Entry            POSIF1_0_IRQHandler ; Handler n
                                                            ame for SR POSIF1_0
                                                              
   85 00000158 00000000        DCD              POSIF1_0_IRQHandler
  185 0000015C                 Entry            POSIF1_1_IRQHandler ; Handler n
                                                            ame for SR POSIF1_1
                                                              
   85 0000015C 00000000        DCD              POSIF1_1_IRQHandler
  186 00000160                 Entry            HRPWM_0_IRQHandler ; Handler na
                                                            me for SR HRPWM_0  
                                                             
   85 00000160 00000000        DCD              HRPWM_0_IRQHandler



ARM Macro Assembler    Page 9 


  187 00000164                 Entry            HRPWM_1_IRQHandler ; Handler na
                                                            me for SR HRPWM_1  
                                                             
   85 00000164 00000000        DCD              HRPWM_1_IRQHandler
  188 00000168                 Entry            HRPWM_2_IRQHandler ; Handler na
                                                            me for SR HRPWM_2  
                                                             
   85 00000168 00000000        DCD              HRPWM_2_IRQHandler
  189 0000016C                 Entry            HRPWM_3_IRQHandler ; Handler na
                                                            me for SR HRPWM_3  
                                                             
   85 0000016C 00000000        DCD              HRPWM_3_IRQHandler
  190 00000170                 Entry            CAN0_0_IRQHandler ; Handler nam
                                                            e for SR CAN0_0    
                                                            
   85 00000170 00000000        DCD              CAN0_0_IRQHandler
  191 00000174                 Entry            CAN0_1_IRQHandler ; Handler nam
                                                            e for SR CAN0_1    
                                                            
   85 00000174 00000000        DCD              CAN0_1_IRQHandler
  192 00000178                 Entry            CAN0_2_IRQHandler ; Handler nam
                                                            e for SR CAN0_2    
                                                            
   85 00000178 00000000        DCD              CAN0_2_IRQHandler
  193 0000017C                 Entry            CAN0_3_IRQHandler ; Handler nam
                                                            e for SR CAN0_3    
                                                            
   85 0000017C 00000000        DCD              CAN0_3_IRQHandler
  194 00000180                 Entry            CAN0_4_IRQHandler ; Handler nam
                                                            e for SR CAN0_4    
                                                            
   85 00000180 00000000        DCD              CAN0_4_IRQHandler
  195 00000184                 Entry            CAN0_5_IRQHandler ; Handler nam
                                                            e for SR CAN0_5    
                                                            
   85 00000184 00000000        DCD              CAN0_5_IRQHandler
  196 00000188                 Entry            CAN0_6_IRQHandler ; Handler nam
                                                            e for SR CAN0_6    
                                                            
   85 00000188 00000000        DCD              CAN0_6_IRQHandler
  197 0000018C                 Entry            CAN0_7_IRQHandler ; Handler nam
                                                            e for SR CAN0_7    
                                                            
   85 0000018C 00000000        DCD              CAN0_7_IRQHandler
  198 00000190                 Entry            USIC0_0_IRQHandler ; Handler na
                                                            me for SR USIC0_0  
                                                             
   85 00000190 00000000        DCD              USIC0_0_IRQHandler
  199 00000194                 Entry            USIC0_1_IRQHandler ; Handler na
                                                            me for SR USIC0_1  
                                                             
   85 00000194 00000000        DCD              USIC0_1_IRQHandler
  200 00000198                 Entry            USIC0_2_IRQHandler ; Handler na
                                                            me for SR USIC0_2  
                                                             
   85 00000198 00000000        DCD              USIC0_2_IRQHandler
  201 0000019C                 Entry            USIC0_3_IRQHandler ; Handler na
                                                            me for SR USIC0_3  
                                                             



ARM Macro Assembler    Page 10 


   85 0000019C 00000000        DCD              USIC0_3_IRQHandler
  202 000001A0                 Entry            USIC0_4_IRQHandler ; Handler na
                                                            me for SR USIC0_4  
                                                             
   85 000001A0 00000000        DCD              USIC0_4_IRQHandler
  203 000001A4                 Entry            USIC0_5_IRQHandler ; Handler na
                                                            me for SR USIC0_5  
                                                             
   85 000001A4 00000000        DCD              USIC0_5_IRQHandler
  204 000001A8                 Entry            USIC1_0_IRQHandler ; Handler na
                                                            me for SR USIC1_0  
                                                             
   85 000001A8 00000000        DCD              USIC1_0_IRQHandler
  205 000001AC                 Entry            USIC1_1_IRQHandler ; Handler na
                                                            me for SR USIC1_1  
                                                             
   85 000001AC 00000000        DCD              USIC1_1_IRQHandler
  206 000001B0                 Entry            USIC1_2_IRQHandler ; Handler na
                                                            me for SR USIC1_2  
                                                             
   85 000001B0 00000000        DCD              USIC1_2_IRQHandler
  207 000001B4                 Entry            USIC1_3_IRQHandler ; Handler na
                                                            me for SR USIC1_3  
                                                             
   85 000001B4 00000000        DCD              USIC1_3_IRQHandler
  208 000001B8                 Entry            USIC1_4_IRQHandler ; Handler na
                                                            me for SR USIC1_4  
                                                             
   85 000001B8 00000000        DCD              USIC1_4_IRQHandler
  209 000001BC                 Entry            USIC1_5_IRQHandler ; Handler na
                                                            me for SR USIC1_5  
                                                             
   85 000001BC 00000000        DCD              USIC1_5_IRQHandler
  210 000001C0 00000000        DCD              0           ; Not Available    
                                                                         
  211 000001C4 00000000        DCD              0           ; Not Available    
                                                                         
  212 000001C8 00000000        DCD              0           ; Not Available    
                                                                         
  213 000001CC 00000000        DCD              0           ; Not Available    
                                                                         
  214 000001D0 00000000        DCD              0           ; Not Available    
                                                                         
  215 000001D4 00000000        DCD              0           ; Not Available    
                                                                         
  216 000001D8                 Entry            LEDTS0_0_IRQHandler ; Handler n
                                                            ame for SR LEDTS0_0
                                                              
   85 000001D8 00000000        DCD              LEDTS0_0_IRQHandler
  217 000001DC 00000000        DCD              0           ; Not Available    
                                                                         
  218 000001E0                 Entry            FCE0_0_IRQHandler ; Handler nam
                                                            e for SR FCE0_0    
                                                            
   85 000001E0 00000000        DCD              FCE0_0_IRQHandler
  219 000001E4                 Entry            GPDMA0_0_IRQHandler ; Handler n
                                                            ame for SR GPDMA0_0
                                                              
   85 000001E4 00000000        DCD              GPDMA0_0_IRQHandler



ARM Macro Assembler    Page 11 


  220 000001E8 00000000        DCD              0           ; Not Available    
                                                                         
  221 000001EC                 Entry            USB0_0_IRQHandler ; Handler nam
                                                            e for SR USB0_0    
                                                            
   85 000001EC 00000000        DCD              USB0_0_IRQHandler
  222 000001F0 00000000        DCD              0           ; Not Available    
                                                                         
  223 000001F4 00000000        DCD              0           ; Not Available    
                                                                         
  224 000001F8 00000000        DCD              0           ; Not Available    
                                                                         
  225 000001FC 00000000        DCD              0           ; Not Available    
                                                                         
  226 00000200         __Vectors_End
  227 00000200         
  228 00000200 00000200 
                       __Vectors_Size
                               EQU              __Vectors_End - __Vectors
  229 00000200         
  230 00000200                 AREA             |.text|, CODE, READONLY
  231 00000000         
  232 00000000         ; Reset Handler
  233 00000000         
  234 00000000         Reset_Handler
                               PROC
  235 00000000                 EXPORT           Reset_Handler           [WEAK]
  236 00000000                 IMPORT           SystemInit
  237 00000000                 IMPORT           __main
  238 00000000 F8DF D018       LDR              SP, =__initial_sp
  239 00000004 4806            LDR              R0, =SystemInit
  240 00000006 4780            BLX              R0
  241 00000008 4806            LDR              R0, =__main
  242 0000000A 4700            BX               R0
  243 0000000C                 ENDP
  244 0000000C         
  245 0000000C         ; Dummy Exception Handlers (infinite loops which can be 
                       modified)
  246 0000000C         
  247 0000000C         Default_Handler
                               PROC
  248 0000000C                 EXPORT           NMI_Handler             [WEAK]
  249 0000000C                 EXPORT           HardFault_Handler       [WEAK]
  250 0000000C                 EXPORT           MemManage_Handler       [WEAK]
  251 0000000C                 EXPORT           BusFault_Handler        [WEAK]
  252 0000000C                 EXPORT           UsageFault_Handler      [WEAK]
  253 0000000C                 EXPORT           SVC_Handler             [WEAK]
  254 0000000C                 EXPORT           DebugMon_Handler        [WEAK]
  255 0000000C                 EXPORT           PendSV_Handler          [WEAK]
  256 0000000C                 EXPORT           SysTick_Handler         [WEAK]
  257 0000000C         
  258 0000000C                 EXPORT           SCU_0_IRQHandler        [WEAK]
  259 0000000C                 EXPORT           ERU0_0_IRQHandler       [WEAK]
  260 0000000C                 EXPORT           ERU0_1_IRQHandler       [WEAK]
  261 0000000C                 EXPORT           ERU0_2_IRQHandler       [WEAK]
  262 0000000C                 EXPORT           ERU0_3_IRQHandler       [WEAK]
  263 0000000C                 EXPORT           ERU1_0_IRQHandler       [WEAK]
  264 0000000C                 EXPORT           ERU1_1_IRQHandler       [WEAK]
  265 0000000C                 EXPORT           ERU1_2_IRQHandler       [WEAK]



ARM Macro Assembler    Page 12 


  266 0000000C                 EXPORT           ERU1_3_IRQHandler       [WEAK]
  267 0000000C                 EXPORT           PMU0_0_IRQHandler       [WEAK]
  268 0000000C                 EXPORT           VADC0_C0_0_IRQHandler   [WEAK]
  269 0000000C                 EXPORT           VADC0_C0_1_IRQHandler   [WEAK]
  270 0000000C                 EXPORT           VADC0_C0_2_IRQHandler   [WEAK]
  271 0000000C                 EXPORT           VADC0_C0_3_IRQHandler   [WEAK]
  272 0000000C                 EXPORT           VADC0_G0_0_IRQHandler   [WEAK]
  273 0000000C                 EXPORT           VADC0_G0_1_IRQHandler   [WEAK]
  274 0000000C                 EXPORT           VADC0_G0_2_IRQHandler   [WEAK]
  275 0000000C                 EXPORT           VADC0_G0_3_IRQHandler   [WEAK]
  276 0000000C                 EXPORT           VADC0_G1_0_IRQHandler   [WEAK]
  277 0000000C                 EXPORT           VADC0_G1_1_IRQHandler   [WEAK]
  278 0000000C                 EXPORT           VADC0_G1_2_IRQHandler   [WEAK]
  279 0000000C                 EXPORT           VADC0_G1_3_IRQHandler   [WEAK]
  280 0000000C                 EXPORT           VADC0_G2_0_IRQHandler   [WEAK]
  281 0000000C                 EXPORT           VADC0_G2_1_IRQHandler   [WEAK]
  282 0000000C                 EXPORT           VADC0_G2_2_IRQHandler   [WEAK]
  283 0000000C                 EXPORT           VADC0_G2_3_IRQHandler   [WEAK]
  284 0000000C                 EXPORT           VADC0_G3_0_IRQHandler   [WEAK]
  285 0000000C                 EXPORT           VADC0_G3_1_IRQHandler   [WEAK]
  286 0000000C                 EXPORT           VADC0_G3_2_IRQHandler   [WEAK]
  287 0000000C                 EXPORT           VADC0_G3_3_IRQHandler   [WEAK]
  288 0000000C                 EXPORT           DSD0_0_IRQHandler       [WEAK]
  289 0000000C                 EXPORT           DSD0_1_IRQHandler       [WEAK]
  290 0000000C                 EXPORT           DSD0_2_IRQHandler       [WEAK]
  291 0000000C                 EXPORT           DSD0_3_IRQHandler       [WEAK]
  292 0000000C                 EXPORT           DSD0_4_IRQHandler       [WEAK]
  293 0000000C                 EXPORT           DSD0_5_IRQHandler       [WEAK]
  294 0000000C                 EXPORT           DSD0_6_IRQHandler       [WEAK]
  295 0000000C                 EXPORT           DSD0_7_IRQHandler       [WEAK]
  296 0000000C                 EXPORT           DAC0_0_IRQHandler       [WEAK]
  297 0000000C                 EXPORT           DAC0_1_IRQHandler       [WEAK]
  298 0000000C                 EXPORT           CCU40_0_IRQHandler      [WEAK]
  299 0000000C                 EXPORT           CCU40_1_IRQHandler      [WEAK]
  300 0000000C                 EXPORT           CCU40_2_IRQHandler      [WEAK]
  301 0000000C                 EXPORT           CCU40_3_IRQHandler      [WEAK]
  302 0000000C                 EXPORT           CCU41_0_IRQHandler      [WEAK]
  303 0000000C                 EXPORT           CCU41_1_IRQHandler      [WEAK]
  304 0000000C                 EXPORT           CCU41_2_IRQHandler      [WEAK]
  305 0000000C                 EXPORT           CCU41_3_IRQHandler      [WEAK]
  306 0000000C                 EXPORT           CCU42_0_IRQHandler      [WEAK]
  307 0000000C                 EXPORT           CCU42_1_IRQHandler      [WEAK]
  308 0000000C                 EXPORT           CCU42_2_IRQHandler      [WEAK]
  309 0000000C                 EXPORT           CCU42_3_IRQHandler      [WEAK]
  310 0000000C                 EXPORT           CCU43_0_IRQHandler      [WEAK]
  311 0000000C                 EXPORT           CCU43_1_IRQHandler      [WEAK]
  312 0000000C                 EXPORT           CCU43_2_IRQHandler      [WEAK]
  313 0000000C                 EXPORT           CCU43_3_IRQHandler      [WEAK]
  314 0000000C                 EXPORT           CCU80_0_IRQHandler      [WEAK]
  315 0000000C                 EXPORT           CCU80_1_IRQHandler      [WEAK]
  316 0000000C                 EXPORT           CCU80_2_IRQHandler      [WEAK]
  317 0000000C                 EXPORT           CCU80_3_IRQHandler      [WEAK]
  318 0000000C                 EXPORT           CCU81_0_IRQHandler      [WEAK]
  319 0000000C                 EXPORT           CCU81_1_IRQHandler      [WEAK]
  320 0000000C                 EXPORT           CCU81_2_IRQHandler      [WEAK]
  321 0000000C                 EXPORT           CCU81_3_IRQHandler      [WEAK]
  322 0000000C                 EXPORT           POSIF0_0_IRQHandler     [WEAK]
  323 0000000C                 EXPORT           POSIF0_1_IRQHandler     [WEAK]
  324 0000000C                 EXPORT           POSIF1_0_IRQHandler     [WEAK]



ARM Macro Assembler    Page 13 


  325 0000000C                 EXPORT           POSIF1_1_IRQHandler     [WEAK]
  326 0000000C                 EXPORT           HRPWM_0_IRQHandler      [WEAK]
  327 0000000C                 EXPORT           HRPWM_1_IRQHandler      [WEAK]
  328 0000000C                 EXPORT           HRPWM_2_IRQHandler      [WEAK]
  329 0000000C                 EXPORT           HRPWM_3_IRQHandler      [WEAK]
  330 0000000C                 EXPORT           CAN0_0_IRQHandler       [WEAK]
  331 0000000C                 EXPORT           CAN0_1_IRQHandler       [WEAK]
  332 0000000C                 EXPORT           CAN0_2_IRQHandler       [WEAK]
  333 0000000C                 EXPORT           CAN0_3_IRQHandler       [WEAK]
  334 0000000C                 EXPORT           CAN0_4_IRQHandler       [WEAK]
  335 0000000C                 EXPORT           CAN0_5_IRQHandler       [WEAK]
  336 0000000C                 EXPORT           CAN0_6_IRQHandler       [WEAK]
  337 0000000C                 EXPORT           CAN0_7_IRQHandler       [WEAK]
  338 0000000C                 EXPORT           USIC0_0_IRQHandler      [WEAK]
  339 0000000C                 EXPORT           USIC0_1_IRQHandler      [WEAK]
  340 0000000C                 EXPORT           USIC0_2_IRQHandler      [WEAK]
  341 0000000C                 EXPORT           USIC0_3_IRQHandler      [WEAK]
  342 0000000C                 EXPORT           USIC0_4_IRQHandler      [WEAK]
  343 0000000C                 EXPORT           USIC0_5_IRQHandler      [WEAK]
  344 0000000C                 EXPORT           USIC1_0_IRQHandler      [WEAK]
  345 0000000C                 EXPORT           USIC1_1_IRQHandler      [WEAK]
  346 0000000C                 EXPORT           USIC1_2_IRQHandler      [WEAK]
  347 0000000C                 EXPORT           USIC1_3_IRQHandler      [WEAK]
  348 0000000C                 EXPORT           USIC1_4_IRQHandler      [WEAK]
  349 0000000C                 EXPORT           USIC1_5_IRQHandler      [WEAK]
  350 0000000C                 EXPORT           LEDTS0_0_IRQHandler     [WEAK]
  351 0000000C                 EXPORT           FCE0_0_IRQHandler       [WEAK]
  352 0000000C                 EXPORT           GPDMA0_0_IRQHandler     [WEAK]
  353 0000000C                 EXPORT           USB0_0_IRQHandler       [WEAK]
  354 0000000C         
  355 0000000C         NMI_Handler
  356 0000000C         HardFault_Handler
  357 0000000C         MemManage_Handler
  358 0000000C         BusFault_Handler
  359 0000000C         UsageFault_Handler
  360 0000000C         SVC_Handler
  361 0000000C         DebugMon_Handler
  362 0000000C         PendSV_Handler
  363 0000000C         SysTick_Handler
  364 0000000C         SCU_0_IRQHandler
  365 0000000C         ERU0_0_IRQHandler
  366 0000000C         ERU0_1_IRQHandler
  367 0000000C         ERU0_2_IRQHandler
  368 0000000C         ERU0_3_IRQHandler
  369 0000000C         ERU1_0_IRQHandler
  370 0000000C         ERU1_1_IRQHandler
  371 0000000C         ERU1_2_IRQHandler
  372 0000000C         ERU1_3_IRQHandler
  373 0000000C         PMU0_0_IRQHandler
  374 0000000C         VADC0_C0_0_IRQHandler
  375 0000000C         VADC0_C0_1_IRQHandler
  376 0000000C         VADC0_C0_2_IRQHandler
  377 0000000C         VADC0_C0_3_IRQHandler
  378 0000000C         VADC0_G0_0_IRQHandler
  379 0000000C         VADC0_G0_1_IRQHandler
  380 0000000C         VADC0_G0_2_IRQHandler
  381 0000000C         VADC0_G0_3_IRQHandler
  382 0000000C         VADC0_G1_0_IRQHandler
  383 0000000C         VADC0_G1_1_IRQHandler



ARM Macro Assembler    Page 14 


  384 0000000C         VADC0_G1_2_IRQHandler
  385 0000000C         VADC0_G1_3_IRQHandler
  386 0000000C         VADC0_G2_0_IRQHandler
  387 0000000C         VADC0_G2_1_IRQHandler
  388 0000000C         VADC0_G2_2_IRQHandler
  389 0000000C         VADC0_G2_3_IRQHandler
  390 0000000C         VADC0_G3_0_IRQHandler
  391 0000000C         VADC0_G3_1_IRQHandler
  392 0000000C         VADC0_G3_2_IRQHandler
  393 0000000C         VADC0_G3_3_IRQHandler
  394 0000000C         DSD0_0_IRQHandler
  395 0000000C         DSD0_1_IRQHandler
  396 0000000C         DSD0_2_IRQHandler
  397 0000000C         DSD0_3_IRQHandler
  398 0000000C         DSD0_4_IRQHandler
  399 0000000C         DSD0_5_IRQHandler
  400 0000000C         DSD0_6_IRQHandler
  401 0000000C         DSD0_7_IRQHandler
  402 0000000C         DAC0_0_IRQHandler
  403 0000000C         DAC0_1_IRQHandler
  404 0000000C         CCU40_0_IRQHandler
  405 0000000C         CCU40_1_IRQHandler
  406 0000000C         CCU40_2_IRQHandler
  407 0000000C         CCU40_3_IRQHandler
  408 0000000C         CCU41_0_IRQHandler
  409 0000000C         CCU41_1_IRQHandler
  410 0000000C         CCU41_2_IRQHandler
  411 0000000C         CCU41_3_IRQHandler
  412 0000000C         CCU42_0_IRQHandler
  413 0000000C         CCU42_1_IRQHandler
  414 0000000C         CCU42_2_IRQHandler
  415 0000000C         CCU42_3_IRQHandler
  416 0000000C         CCU43_0_IRQHandler
  417 0000000C         CCU43_1_IRQHandler
  418 0000000C         CCU43_2_IRQHandler
  419 0000000C         CCU43_3_IRQHandler
  420 0000000C         CCU80_0_IRQHandler
  421 0000000C         CCU80_1_IRQHandler
  422 0000000C         CCU80_2_IRQHandler
  423 0000000C         CCU80_3_IRQHandler
  424 0000000C         CCU81_0_IRQHandler
  425 0000000C         CCU81_1_IRQHandler
  426 0000000C         CCU81_2_IRQHandler
  427 0000000C         CCU81_3_IRQHandler
  428 0000000C         POSIF0_0_IRQHandler
  429 0000000C         POSIF0_1_IRQHandler
  430 0000000C         POSIF1_0_IRQHandler
  431 0000000C         POSIF1_1_IRQHandler
  432 0000000C         HRPWM_0_IRQHandler
  433 0000000C         HRPWM_1_IRQHandler
  434 0000000C         HRPWM_2_IRQHandler
  435 0000000C         HRPWM_3_IRQHandler
  436 0000000C         CAN0_0_IRQHandler
  437 0000000C         CAN0_1_IRQHandler
  438 0000000C         CAN0_2_IRQHandler
  439 0000000C         CAN0_3_IRQHandler
  440 0000000C         CAN0_4_IRQHandler
  441 0000000C         CAN0_5_IRQHandler
  442 0000000C         CAN0_6_IRQHandler



ARM Macro Assembler    Page 15 


  443 0000000C         CAN0_7_IRQHandler
  444 0000000C         USIC0_0_IRQHandler
  445 0000000C         USIC0_1_IRQHandler
  446 0000000C         USIC0_2_IRQHandler
  447 0000000C         USIC0_3_IRQHandler
  448 0000000C         USIC0_4_IRQHandler
  449 0000000C         USIC0_5_IRQHandler
  450 0000000C         USIC1_0_IRQHandler
  451 0000000C         USIC1_1_IRQHandler
  452 0000000C         USIC1_2_IRQHandler
  453 0000000C         USIC1_3_IRQHandler
  454 0000000C         USIC1_4_IRQHandler
  455 0000000C         USIC1_5_IRQHandler
  456 0000000C         LEDTS0_0_IRQHandler
  457 0000000C         FCE0_0_IRQHandler
  458 0000000C         GPDMA0_0_IRQHandler
  459 0000000C         USB0_0_IRQHandler
  460 0000000C         
  461 0000000C E7FE            B                .
  462 0000000E         
  463 0000000E                 ENDP
  464 0000000E         
  465 0000000E                 IF               :DEF:ENABLE_PMU_CM_001_WORKAROU
ND
  589                          ENDIF
  590 0000000E         
  591 0000000E 00 00           ALIGN
  592 00000010         
  593 00000010         ; User Initial Stack & Heap
  594 00000010         
  595 00000010                 IF               :DEF:__MICROLIB
  602 00000010         
  603 00000010                 IMPORT           __use_two_region_memory
  604 00000010                 EXPORT           __user_initial_stackheap
  605 00000010         __user_initial_stackheap
  606 00000010         
  607 00000010 4805            LDR              R0, =  Heap_Mem
  608 00000012 4906            LDR              R1, =(Stack_Mem + Stack_Size)
  609 00000014 4A06            LDR              R2, = (Heap_Mem +  Heap_Size)
  610 00000016 4B07            LDR              R3, = Stack_Mem
  611 00000018 4770            BX               LR
  612 0000001A         
  613 0000001A 00 00           ALIGN
  614 0000001C         
  615 0000001C                 ENDIF
  616 0000001C         
  617 0000001C         
  618 0000001C                 END
              00000000 
              00000000 
              00000000 
              00000000 
              00000800 
              00000200 
              00000000 
Command Line: --cpreproc --cpu=Cortex-M4.fp --apcs=interwork --depend=.\Objects
\startup_XMC4402.d -o.\Objects\startup_XMC4402.o -I.\XMC_LIB\CMSIS_LIB\Include 
-I.\XMC_LIB\XMC\XMC_LIB_2_7_1\XMC4400_series\Include -I.\XMC_LIB\XMC\XMC_LIB_2_
7_1\XMClib\inc --predefine="__RTX SETA 1" --predefine="__EVAL SETA 1" --predefi



ARM Macro Assembler    Page 16 


ne="_RTE_ SETA 1" --predefine="XMC4402_F100x256 SETA 1" --list= .\XMC_LIB\XMC\X
MC_LIB_2_7_1\XMC4400_series\Source\ARM\startup_XMC4402.s
